2020-10-12T18:33:03.666Z [my-bank-api] info: API Started!
2020-10-12T18:34:40.336Z [my-bank-api] info: API Started!
2020-10-12T18:39:10.770Z [my-bank-api] info: API Started!
2020-10-12T18:40:10.954Z [my-bank-api] info: API Started!
2020-10-12T18:40:25.278Z [my-bank-api] info: GET /account
2020-10-12T18:40:43.127Z [my-bank-api] info: POST /account - {"id":3,"name":"Thaís Fernandes","balance":3000}
2020-10-12T18:41:06.707Z [my-bank-api] info: PATCH /account/updateBalance - {"id":1,"balance":5000}
2020-10-12T18:41:25.282Z [my-bank-api] info: GET /account
2020-10-12T18:41:36.756Z [my-bank-api] info: GET /account/:id
2020-10-12T18:45:37.929Z [my-bank-api] info: API Started!
2020-10-12T18:46:51.390Z [my-bank-api] info: API Started!
2020-10-12T18:48:25.914Z [my-bank-api] info: API Started!
2020-10-12T18:50:23.366Z [my-bank-api] info: API Started!
2020-10-12T18:51:34.692Z [my-bank-api] info: API Started!
2020-10-12T18:52:59.549Z [my-bank-api] info: API Started!
2020-10-12T18:53:46.645Z [my-bank-api] info: API Started!
2020-10-12T18:53:57.219Z [my-bank-api] info: API Started!
2020-10-12T18:55:19.752Z [my-bank-api] info: API Started!
2020-10-12T18:55:45.452Z [my-bank-api] info: API Started!
2020-10-12T18:58:47.175Z [my-bank-api] info: API Started!
2020-10-12T18:59:55.759Z [my-bank-api] info: API Started!
2020-10-12T19:08:06.506Z [my-bank-api] info: API Started!
2020-10-12T19:11:18.320Z [my-bank-api] info: GET /account
2020-10-12T19:12:12.606Z [my-bank-api] info: GET /account
2020-10-12T19:17:46.405Z [my-bank-api] info: API Started!
2020-10-12T19:18:22.109Z [my-bank-api] info: API Started!
2020-10-12T19:19:09.918Z [my-bank-api] info: API Started!
2020-10-12T19:19:35.009Z [my-bank-api] info: API Started!
2020-10-12T19:19:44.352Z [my-bank-api] info: API Started!
2020-10-12T20:11:47.252Z [my-bank-api] info: API Started!
2020-10-12T20:18:03.733Z [my-bank-api] info: API Started!
2020-10-12T20:21:30.252Z [my-bank-api] info: API Started!
